<?xml version="1.0" encoding="UTF-8" ?>
<testsuite tests="2" failures="0" name="testRunner.TestRunner" time="115.517" errors="1" skipped="0">
  <properties>
    <property name="java.runtime.name" value="OpenJDK Runtime Environment"/>
    <property name="java.vm.version" value="15.0.2+7-27"/>
    <property name="sun.boot.library.path" value="C:\Program Files\eclipse\plugins\org.eclipse.justj.openjdk.hotspot.jre.full.win32.x86_64_15.0.2.v20210201-0955\jre\bin"/>
    <property name="user.country.format" value="IN"/>
    <property name="maven.multiModuleProjectDirectory" value="C:\Users\User 1\projects\Mylan0.2"/>
    <property name="java.vm.vendor" value="Oracle Corporation"/>
    <property name="java.vendor.url" value="https://java.oracle.com/"/>
    <property name="guice.disable.misplaced.annotation.check" value="true"/>
    <property name="path.separator" value=";"/>
    <property name="java.vm.name" value="OpenJDK 64-Bit Server VM"/>
    <property name="sun.os.patch.level" value=""/>
    <property name="user.script" value=""/>
    <property name="user.country" value="US"/>
    <property name="sun.java.launcher" value="SUN_STANDARD"/>
    <property name="java.vm.specification.name" value="Java Virtual Machine Specification"/>
    <property name="user.dir" value="C:\Users\User 1\projects\Mylan0.2"/>
    <property name="java.vm.compressedOopsMode" value="32-bit"/>
    <property name="java.runtime.version" value="15.0.2+7-27"/>
    <property name="os.arch" value="amd64"/>
    <property name="java.io.tmpdir" value="C:\Users\USER1~1\AppData\Local\Temp\"/>
    <property name="line.separator" value="
"/>
    <property name="java.vm.specification.vendor" value="Oracle Corporation"/>
    <property name="user.variant" value=""/>
    <property name="os.name" value="Windows 8.1"/>
    <property name="classworlds.conf" value="C:\Users\User 1\Desktop\ecplics\.metadata\.plugins\org.eclipse.m2e.launching\launches\m2conf10541448121523942865.tmp"/>
    <property name="sun.jnu.encoding" value="Cp1252"/>
    <property name="java.library.path" value="C:\Program Files\eclipse\plugins\org.eclipse.justj.openjdk.hotspot.jre.full.win32.x86_64_15.0.2.v20210201-0955\jre\bin;C:\Windows\Sun\Java\bin;C:\Windows\system32;C:\Windows;C:/Program Files/eclipse//plugins/org.eclipse.justj.openjdk.hotspot.jre.full.win32.x86_64_15.0.2.v20210201-0955/jre/bin/server;C:/Program Files/eclipse//plugins/org.eclipse.justj.openjdk.hotspot.jre.full.win32.x86_64_15.0.2.v20210201-0955/jre/bin;C:\Program Files\Microsoft MPI\Bin\;C:\Program Files (x86)\Intel\iCLS Client\;C:\Program Files\Intel\iCLS Client\;C:\Program Files (x86)\NVIDIA Corporation\PhysX\Common;C:\Windows\system32;C:\Windows;C:\Windows\System32\Wbem;C:\Windows\System32\WindowsPowerShell\v1.0\;C:\Program Files\Hewlett-Packard\SimplePass\;C:\Program Files\Intel\Intel(R) Management Engine Components\DAL;C:\Program Files (x86)\Intel\Intel(R) Management Engine Components\DAL;C:\Program Files\Intel\Intel(R) Management Engine Components\IPT;C:\Program Files (x86)\Intel\Intel(R) Management Engine Components\IPT\;C:\Program Files\Azure Data Studio\bin;C:\Program Files (x86)\Microsoft SQL Server\140\Tools\Binn\;C:\Program Files\Microsoft SQL Server\140\Tools\Binn\;C:\Program Files (x86)\Microsoft SQL Server\140\DTS\Binn\;C:\Program Files\Microsoft SQL Server\140\DTS\Binn\;C:\Program Files\Microsoft SQL Server\Client SDK\ODBC\130\Tools\Binn\;C:\Users\User 1\Downloads\apache-maven-3.8.1\bin;C:\Program Files\Java\jdk-11.0.12\bin;C:\Program Files\Java\jdk-16.0.2\lib;C:\Users\User 1\Downloads\apache-maven-3.8.1\bin;C:\Program Files\Android\Android Studio\bin;C:\Program Files\Java\jdk-11.0.12\bin;C:\Users\User 1\AppData\Local\Android\Sdk\platform-tools;C:\Users\User 1\AppData\Local\Android\Sdk\tools;C:\Users\User 1\AppData\Local\Android\Sdk\build-tools;C:\Users\User 1\AppData\Local\Android\Sdk\build-tools\bin;C:\Users\User 1\AppData\Local\Android\Sdk\tools\bin;C:\Users\User 1\Downloads\apache-maven-3.8.1\bin;C:\Program Files\nodejs\;C:\Users\User 1\AppData\Local\Android\Sdk\platform-tools;C:\Android;C:\Windows\System32;C:\apache-maven-3.8.7\bin;C:\Users\User 1\Downloads\apache-maven-3.8.1\bin;%MAVEN_HOME%;;C:\Program Files\Azure Data Studio\bin;C:\Users\User 1\Downloads\apache-maven-3.8.1\bin;C:\Users\User 1\AppData\Roaming\npm;C:\Program Files\eclipse;;."/>
    <property name="jdk.debug" value="release"/>
    <property name="java.class.version" value="59.0"/>
    <property name="java.specification.name" value="Java Platform API Specification"/>
    <property name="sun.management.compiler" value="HotSpot 64-Bit Tiered Compilers"/>
    <property name="os.version" value="6.3"/>
    <property name="user.home" value="C:\Users\User 1"/>
    <property name="user.timezone" value="Asia/Calcutta"/>
    <property name="file.encoding" value="UTF-8"/>
    <property name="java.specification.version" value="15"/>
    <property name="user.name" value="User 1"/>
    <property name="java.class.path" value="C:\Program Files\eclipse\plugins\org.eclipse.m2e.maven.runtime_1.16.0.20210129-0849\jars\plexus-classworlds-2.6.0.jar"/>
    <property name="java.vm.specification.version" value="15"/>
    <property name="sun.arch.data.model" value="64"/>
    <property name="sun.java.command" value="org.codehaus.plexus.classworlds.launcher.Launcher -B test"/>
    <property name="java.home" value="C:\Program Files\eclipse\plugins\org.eclipse.justj.openjdk.hotspot.jre.full.win32.x86_64_15.0.2.v20210201-0955\jre"/>
    <property name="user.language" value="en"/>
    <property name="java.specification.vendor" value="Oracle Corporation"/>
    <property name="user.language.format" value="hi"/>
    <property name="java.vm.info" value="mixed mode"/>
    <property name="java.version" value="15.0.2"/>
    <property name="java.vendor" value="Oracle Corporation"/>
    <property name="maven.home" value="C:\Users\User 1\projects\Mylan0.2\EMBEDDED"/>
    <property name="file.separator" value="\"/>
    <property name="java.version.date" value="2021-01-19"/>
    <property name="java.vendor.url.bug" value="https://bugreport.java.com/bugreport/"/>
    <property name="sun.io.unicode.encoding" value="UnicodeLittle"/>
    <property name="sun.cpu.endian" value="little"/>
    <property name="sun.cpu.isalist" value="amd64"/>
  </properties>
  <testcase classname="Add new Customer" name="Adding of new Customer" time="27.05">
    <error message="element click intercepted: Element &lt;li tabindex=&quot;-1&quot; role=&quot;option&quot; unselectable=&quot;on&quot; class=&quot;k-item&quot; aria-selected=&quot;false&quot; data-offset-index=&quot;1&quot;&gt;...&lt;/li&gt; is not clickable at point (1028, 587). Other element would receive the click: &lt;li tabindex=&quot;-1&quot; role=&quot;option&quot; unselectable=&quot;on&quot; class=&quot;k-item&quot; aria-selected=&quot;false&quot; data-offset-index=&quot;4&quot;&gt;...&lt;/li&gt;
  (Session info: chrome=108.0.5359.125)
Build info: version: &apos;3.141.59&apos;, revision: &apos;e82be7d358&apos;, time: &apos;2018-11-14T08:17:03&apos;
System info: host: &apos;SIDHARTH&apos;, ip: &apos;192.168.195.1&apos;, os.name: &apos;Windows 8.1&apos;, os.arch: &apos;amd64&apos;, os.version: &apos;6.3&apos;, java.version: &apos;15.0.2&apos;
Driver info: org.openqa.selenium.chrome.ChromeDriver
Capabilities {acceptInsecureCerts: false, browserName: chrome, browserVersion: 108.0.5359.125, chrome: {chromedriverVersion: 107.0.5304.62 (1eec40d3a576..., userDataDir: C:\Users\USER1~1\AppData\Lo...}, goog:chromeOptions: {debuggerAddress: localhost:55043}, javascriptEnabled: true, networkConnectionEnabled: false, pageLoadStrategy: normal, platform: WINDOWS, platformName: WINDOWS, proxy: Proxy(), setWindowRect: true, strictFileInteractability: false, timeouts: {implicit: 0, pageLoad: 300000, script: 30000}, unhandledPromptBehavior: dismiss and notify, webauthn:extension:credBlob: true, webauthn:extension:largeBlob: true, webauthn:virtualAuthenticators: true}
Session ID: 986dd73ecd1e00d87fe9510ba2913df7" type="org.openqa.selenium.ElementClickInterceptedException">org.openqa.selenium.ElementClickInterceptedException: element click intercepted: Element &lt;li tabindex=&quot;-1&quot; role=&quot;option&quot; unselectable=&quot;on&quot; class=&quot;k-item&quot; aria-selected=&quot;false&quot; data-offset-index=&quot;1&quot;&gt;...&lt;/li&gt; is not clickable at point (1028, 587). Other element would receive the click: &lt;li tabindex=&quot;-1&quot; role=&quot;option&quot; unselectable=&quot;on&quot; class=&quot;k-item&quot; aria-selected=&quot;false&quot; data-offset-index=&quot;4&quot;&gt;...&lt;/li&gt;
  (Session info: chrome=108.0.5359.125)
Build info: version: &apos;3.141.59&apos;, revision: &apos;e82be7d358&apos;, time: &apos;2018-11-14T08:17:03&apos;
System info: host: &apos;SIDHARTH&apos;, ip: &apos;192.168.195.1&apos;, os.name: &apos;Windows 8.1&apos;, os.arch: &apos;amd64&apos;, os.version: &apos;6.3&apos;, java.version: &apos;15.0.2&apos;
Driver info: org.openqa.selenium.chrome.ChromeDriver
Capabilities {acceptInsecureCerts: false, browserName: chrome, browserVersion: 108.0.5359.125, chrome: {chromedriverVersion: 107.0.5304.62 (1eec40d3a576..., userDataDir: C:\Users\USER1~1\AppData\Lo...}, goog:chromeOptions: {debuggerAddress: localhost:55043}, javascriptEnabled: true, networkConnectionEnabled: false, pageLoadStrategy: normal, platform: WINDOWS, platformName: WINDOWS, proxy: Proxy(), setWindowRect: true, strictFileInteractability: false, timeouts: {implicit: 0, pageLoad: 300000, script: 30000}, unhandledPromptBehavior: dismiss and notify, webauthn:extension:credBlob: true, webauthn:extension:largeBlob: true, webauthn:virtualAuthenticators: true}
Session ID: 986dd73ecd1e00d87fe9510ba2913df7
	at java.base/jdk.internal.reflect.NativeConstructorAccessorImpl.newInstance0(Native Method)
	at java.base/jdk.internal.reflect.NativeConstructorAccessorImpl.newInstance(NativeConstructorAccessorImpl.java:64)
	at java.base/jdk.internal.reflect.DelegatingConstructorAccessorImpl.newInstance(DelegatingConstructorAccessorImpl.java:45)
	at java.base/java.lang.reflect.Constructor.newInstanceWithCaller(Constructor.java:500)
	at java.base/java.lang.reflect.Constructor.newInstance(Constructor.java:481)
	at org.openqa.selenium.remote.http.W3CHttpResponseCodec.createException(W3CHttpResponseCodec.java:187)
	at org.openqa.selenium.remote.http.W3CHttpResponseCodec.decode(W3CHttpResponseCodec.java:122)
	at org.openqa.selenium.remote.http.W3CHttpResponseCodec.decode(W3CHttpResponseCodec.java:49)
	at org.openqa.selenium.remote.HttpCommandExecutor.execute(HttpCommandExecutor.java:158)
	at org.openqa.selenium.remote.service.DriverCommandExecutor.execute(DriverCommandExecutor.java:83)
	at org.openqa.selenium.remote.RemoteWebDriver.execute(RemoteWebDriver.java:552)
	at org.openqa.selenium.remote.RemoteWebElement.execute(RemoteWebElement.java:285)
	at org.openqa.selenium.remote.RemoteWebElement.click(RemoteWebElement.java:84)
	at PageObjects.AddCustomerpage.SetCustmorselectRole(AddCustomerpage.java:141)
	at StepDefination.Steps.user_give_the_customer_info(Steps.java:183)
	at ✽.user give the customer info(file:///C:/Users/User%201/projects/Mylan0.2/./Features/Customers.feature:14)
</error>
    <system-out>
@smoke
Scenario: Adding of new Customer                                                         # Features/Customers.feature:9
 INFO [main] (Steps.java:67)- ********* Lunching Browser *********
  Given User Launch Chrome Browser                                                       # StepDefination.Steps.user_launch_chrome_browser()
  When User Opens the URL &quot;https://admin-demo.nopcommerce.com/login&quot;                     # StepDefination.Steps.user_opens_the_url(java.lang.String)
  And Enter the Email as &quot;admin@yourstore.com&quot; and Password as &quot;admin&quot;                   # StepDefination.Steps.enter_the_email_as_and_password_as(java.lang.String,java.lang.String)
  And Click on Login button                                                              # StepDefination.Steps.click_on_login_button()
 INFO [main] (Steps.java:148)- ******** verifying Dashboad *******
  Then User can view Dashboad                                                            # StepDefination.Steps.user_can_view_dashboad()
  When User click on Customers menu                                                      # StepDefination.Steps.user_click_on_customers_menu()
  And click on customer menu tab                                                         # StepDefination.Steps.click_on_customer_menu_tab()
  And click on Add new button                                                            # StepDefination.Steps.click_on_add_new_button()
  Then User can view Add new customer page                                               # StepDefination.Steps.user_can_view_add_new_customer_page()
 INFO [main] (Steps.java:177)- ******** Adding customer details *********
  When user give the customer info                                                       # StepDefination.Steps.user_give_the_customer_info()
      org.openqa.selenium.ElementClickInterceptedException: element click intercepted: Element &lt;li tabindex=&quot;-1&quot; role=&quot;option&quot; unselectable=&quot;on&quot; class=&quot;k-item&quot; aria-selected=&quot;false&quot; data-offset-index=&quot;1&quot;&gt;...&lt;/li&gt; is not clickable at point (1028, 587). Other element would receive the click: &lt;li tabindex=&quot;-1&quot; role=&quot;option&quot; unselectable=&quot;on&quot; class=&quot;k-item&quot; aria-selected=&quot;false&quot; data-offset-index=&quot;4&quot;&gt;...&lt;/li&gt;
  (Session info: chrome=108.0.5359.125)
Build info: version: &apos;3.141.59&apos;, revision: &apos;e82be7d358&apos;, time: &apos;2018-11-14T08:17:03&apos;
System info: host: &apos;SIDHARTH&apos;, ip: &apos;192.168.195.1&apos;, os.name: &apos;Windows 8.1&apos;, os.arch: &apos;amd64&apos;, os.version: &apos;6.3&apos;, java.version: &apos;15.0.2&apos;
Driver info: org.openqa.selenium.chrome.ChromeDriver
Capabilities {acceptInsecureCerts: false, browserName: chrome, browserVersion: 108.0.5359.125, chrome: {chromedriverVersion: 107.0.5304.62 (1eec40d3a576..., userDataDir: C:\Users\USER1~1\AppData\Lo...}, goog:chromeOptions: {debuggerAddress: localhost:55043}, javascriptEnabled: true, networkConnectionEnabled: false, pageLoadStrategy: normal, platform: WINDOWS, platformName: WINDOWS, proxy: Proxy(), setWindowRect: true, strictFileInteractability: false, timeouts: {implicit: 0, pageLoad: 300000, script: 30000}, unhandledPromptBehavior: dismiss and notify, webauthn:extension:credBlob: true, webauthn:extension:largeBlob: true, webauthn:virtualAuthenticators: true}
Session ID: 986dd73ecd1e00d87fe9510ba2913df7
	at java.base/jdk.internal.reflect.NativeConstructorAccessorImpl.newInstance0(Native Method)
	at java.base/jdk.internal.reflect.NativeConstructorAccessorImpl.newInstance(NativeConstructorAccessorImpl.java:64)
	at java.base/jdk.internal.reflect.DelegatingConstructorAccessorImpl.newInstance(DelegatingConstructorAccessorImpl.java:45)
	at java.base/java.lang.reflect.Constructor.newInstanceWithCaller(Constructor.java:500)
	at java.base/java.lang.reflect.Constructor.newInstance(Constructor.java:481)
	at org.openqa.selenium.remote.http.W3CHttpResponseCodec.createException(W3CHttpResponseCodec.java:187)
	at org.openqa.selenium.remote.http.W3CHttpResponseCodec.decode(W3CHttpResponseCodec.java:122)
	at org.openqa.selenium.remote.http.W3CHttpResponseCodec.decode(W3CHttpResponseCodec.java:49)
	at org.openqa.selenium.remote.HttpCommandExecutor.execute(HttpCommandExecutor.java:158)
	at org.openqa.selenium.remote.service.DriverCommandExecutor.execute(DriverCommandExecutor.java:83)
	at org.openqa.selenium.remote.RemoteWebDriver.execute(RemoteWebDriver.java:552)
	at org.openqa.selenium.remote.RemoteWebElement.execute(RemoteWebElement.java:285)
	at org.openqa.selenium.remote.RemoteWebElement.click(RemoteWebElement.java:84)
	at PageObjects.AddCustomerpage.SetCustmorselectRole(AddCustomerpage.java:141)
	at StepDefination.Steps.user_give_the_customer_info(Steps.java:183)
	at ✽.user give the customer info(file:///C:/Users/User%201/projects/Mylan0.2/./Features/Customers.feature:14)

  And click on Save button                                                               # StepDefination.Steps.click_on_save_button()
  Then User can view confirmation message &quot;The new customer has been added successfully&quot; # StepDefination.Steps.user_can_view_confirmation_message(java.lang.String)
  And close browser                                                                      # StepDefination.Steps.close_browser()
</system-out>
    <system-err>Starting ChromeDriver 107.0.5304.62 (1eec40d3a5764881c92085aaee66d25075c159aa-refs/branch-heads/5304@{#942}) on port 1179
Only local connections are allowed.
Please see https://chromedriver.chromium.org/security-considerations for suggestions on keeping ChromeDriver safe.
ChromeDriver was started successfully.
[1672665400.402][WARNING]: This version of ChromeDriver has not been tested with Chrome version 108.
जन॰ 02, 2023 6:46:40 PM org.openqa.selenium.remote.ProtocolHandshake createSession
INFO: Detected dialect: W3C
</system-err>
  </testcase>
  <testcase classname="login" name="Successfull login with Valid Credentails" time="88.467"/>
</testsuite>